<?xml version="1.0" encoding="UTF-8"?>
<!-- Generated by org.testng.reporters.JUnitReportReporter -->
<testsuite hostname="Shubham" failures="0" tests="1" name="com.swaglabs.testcases.TC_ProductOrderTest" time="3.589" errors="0" timestamp="2025-04-22T01:23:19 IST" skipped="0">
  <testcase classname="com.swaglabs.testcases.TC_ProductOrderTest" name="productOrder" time="3.589"/>
</testsuite> <!-- com.swaglabs.testcases.TC_ProductOrderTest -->
