<?xml version="1.0" encoding="UTF-8"?>
<!-- Generated by org.testng.reporters.JUnitReportReporter -->
<testsuite hostname="Shubham" failures="0" tests="1" name="com.swaglabs.testcases.TC_InventoryPageTest" time="4.136" errors="0" timestamp="2025-04-21T21:56:31 IST" skipped="0">
  <testcase classname="com.swaglabs.testcases.TC_InventoryPageTest" name="inventoryPage" time="4.136"/>
</testsuite> <!-- com.swaglabs.testcases.TC_InventoryPageTest -->
