<?xml version="1.0" encoding="UTF-8"?>
<!-- Generated by org.testng.reporters.JUnitReportReporter -->
<testsuite hostname="Shubham" failures="0" tests="4" name="com.swaglabs.testcases.TC_LoginPageTest" time="8.651" errors="0" timestamp="2025-04-21T21:56:31 IST" skipped="0">
  <testcase classname="com.swaglabs.testcases.TC_LoginPageTest" name="verifyLogin" time="0.649"/>
  <testcase classname="com.swaglabs.testcases.TC_LoginPageTest" name="verifyLogin" time="1.857"/>
  <testcase classname="com.swaglabs.testcases.TC_LoginPageTest" name="verifyLogin" time="0.513"/>
  <testcase classname="com.swaglabs.testcases.TC_LoginPageTest" name="verifyLogin" time="5.632"/>
</testsuite> <!-- com.swaglabs.testcases.TC_LoginPageTest -->
